<?xml version="1.0" encoding="UTF-8"?>
<testsuite xmlns:xsi="http://www.w3.org/2001/XMLSchema-instance" xsi:noNamespaceSchemaLocation="https://maven.apache.org/surefire/maven-surefire-plugin/xsd/surefire-test-report-3.0.xsd" version="3.0" name="demo.MatriceTest" time="0.142" tests="20" errors="0" skipped="0" failures="0">
  <properties>
    <property name="java.specification.version" value="15"/>
    <property name="sun.cpu.isalist" value="amd64"/>
    <property name="sun.jnu.encoding" value="Cp1252"/>
    <property name="java.class.path" value="C:\Users\inacr\git\projetmodeg4\target\test-classes;C:\Users\inacr\git\projetmodeg4\target\classes;C:\Users\inacr\.m2\repository\org\openjfx\javafx-controls\11\javafx-controls-11.jar;C:\Users\inacr\.m2\repository\org\openjfx\javafx-controls\11\javafx-controls-11-win.jar;C:\Users\inacr\.m2\repository\org\openjfx\javafx-graphics\11\javafx-graphics-11.jar;C:\Users\inacr\.m2\repository\org\openjfx\javafx-graphics\11\javafx-graphics-11-win.jar;C:\Users\inacr\.m2\repository\org\openjfx\javafx-base\11\javafx-base-11.jar;C:\Users\inacr\.m2\repository\org\openjfx\javafx-base\11\javafx-base-11-win.jar;C:\Users\inacr\.m2\repository\org\openjfx\javafx-fxml\11\javafx-fxml-11.jar;C:\Users\inacr\.m2\repository\org\openjfx\javafx-fxml\11\javafx-fxml-11-win.jar;C:\Users\inacr\.m2\repository\org\junit\jupiter\junit-jupiter-engine\5.6.2\junit-jupiter-engine-5.6.2.jar;C:\Users\inacr\.m2\repository\org\apiguardian\apiguardian-api\1.1.0\apiguardian-api-1.1.0.jar;C:\Users\inacr\.m2\repository\org\junit\platform\junit-platform-engine\1.6.2\junit-platform-engine-1.6.2.jar;C:\Users\inacr\.m2\repository\org\opentest4j\opentest4j\1.2.0\opentest4j-1.2.0.jar;C:\Users\inacr\.m2\repository\org\junit\platform\junit-platform-commons\1.6.2\junit-platform-commons-1.6.2.jar;C:\Users\inacr\.m2\repository\org\junit\jupiter\junit-jupiter-api\5.6.2\junit-jupiter-api-5.6.2.jar;"/>
    <property name="java.vm.vendor" value="Oracle Corporation"/>
    <property name="sun.arch.data.model" value="64"/>
    <property name="user.variant" value=""/>
    <property name="java.vendor.url" value="https://java.oracle.com/"/>
    <property name="user.timezone" value="Europe/Paris"/>
    <property name="os.name" value="Windows 10"/>
    <property name="java.vm.specification.version" value="15"/>
    <property name="sun.java.launcher" value="SUN_STANDARD"/>
    <property name="user.country" value="FR"/>
    <property name="sun.boot.library.path" value="C:\Users\inacr\.p2\pool\plugins\org.eclipse.justj.openjdk.hotspot.jre.full.win32.x86_64_15.0.2.v20210201-0955\jre\bin"/>
    <property name="sun.java.command" value="C:\Users\inacr\AppData\Local\Temp\surefire13727270889835704223\surefirebooter15664255541061163428.jar C:\Users\inacr\AppData\Local\Temp\surefire13727270889835704223 2022-01-07T22-29-25_345-jvmRun1 surefire17334090858169954123tmp surefire_04047069858870394451tmp"/>
    <property name="jdk.debug" value="release"/>
    <property name="surefire.test.class.path" value="C:\Users\inacr\git\projetmodeg4\target\test-classes;C:\Users\inacr\git\projetmodeg4\target\classes;C:\Users\inacr\.m2\repository\org\openjfx\javafx-controls\11\javafx-controls-11.jar;C:\Users\inacr\.m2\repository\org\openjfx\javafx-controls\11\javafx-controls-11-win.jar;C:\Users\inacr\.m2\repository\org\openjfx\javafx-graphics\11\javafx-graphics-11.jar;C:\Users\inacr\.m2\repository\org\openjfx\javafx-graphics\11\javafx-graphics-11-win.jar;C:\Users\inacr\.m2\repository\org\openjfx\javafx-base\11\javafx-base-11.jar;C:\Users\inacr\.m2\repository\org\openjfx\javafx-base\11\javafx-base-11-win.jar;C:\Users\inacr\.m2\repository\org\openjfx\javafx-fxml\11\javafx-fxml-11.jar;C:\Users\inacr\.m2\repository\org\openjfx\javafx-fxml\11\javafx-fxml-11-win.jar;C:\Users\inacr\.m2\repository\org\junit\jupiter\junit-jupiter-engine\5.6.2\junit-jupiter-engine-5.6.2.jar;C:\Users\inacr\.m2\repository\org\apiguardian\apiguardian-api\1.1.0\apiguardian-api-1.1.0.jar;C:\Users\inacr\.m2\repository\org\junit\platform\junit-platform-engine\1.6.2\junit-platform-engine-1.6.2.jar;C:\Users\inacr\.m2\repository\org\opentest4j\opentest4j\1.2.0\opentest4j-1.2.0.jar;C:\Users\inacr\.m2\repository\org\junit\platform\junit-platform-commons\1.6.2\junit-platform-commons-1.6.2.jar;C:\Users\inacr\.m2\repository\org\junit\jupiter\junit-jupiter-api\5.6.2\junit-jupiter-api-5.6.2.jar;"/>
    <property name="sun.cpu.endian" value="little"/>
    <property name="user.home" value="C:\Users\inacr"/>
    <property name="user.language" value="fr"/>
    <property name="java.specification.vendor" value="Oracle Corporation"/>
    <property name="java.version.date" value="2021-01-19"/>
    <property name="java.home" value="C:\Users\inacr\.p2\pool\plugins\org.eclipse.justj.openjdk.hotspot.jre.full.win32.x86_64_15.0.2.v20210201-0955\jre"/>
    <property name="file.separator" value="\"/>
    <property name="basedir" value="C:\Users\inacr\git\projetmodeg4"/>
    <property name="java.vm.compressedOopsMode" value="32-bit"/>
    <property name="line.separator" value="&#10;"/>
    <property name="java.vm.specification.vendor" value="Oracle Corporation"/>
    <property name="java.specification.name" value="Java Platform API Specification"/>
    <property name="surefire.real.class.path" value="C:\Users\inacr\AppData\Local\Temp\surefire13727270889835704223\surefirebooter15664255541061163428.jar"/>
    <property name="user.script" value=""/>
    <property name="sun.management.compiler" value="HotSpot 64-Bit Tiered Compilers"/>
    <property name="java.runtime.version" value="15.0.2+7-27"/>
    <property name="user.name" value="inacr"/>
    <property name="path.separator" value=";"/>
    <property name="os.version" value="10.0"/>
    <property name="java.runtime.name" value="OpenJDK Runtime Environment"/>
    <property name="file.encoding" value="Cp1252"/>
    <property name="java.vm.name" value="OpenJDK 64-Bit Server VM"/>
    <property name="localRepository" value="C:\Users\inacr\.m2\repository"/>
    <property name="java.vendor.url.bug" value="https://bugreport.java.com/bugreport/"/>
    <property name="java.io.tmpdir" value="C:\Users\inacr\AppData\Local\Temp\"/>
    <property name="java.version" value="15.0.2"/>
    <property name="user.dir" value="C:\Users\inacr\git\projetmodeg4"/>
    <property name="os.arch" value="amd64"/>
    <property name="java.vm.specification.name" value="Java Virtual Machine Specification"/>
    <property name="sun.os.patch.level" value=""/>
    <property name="java.library.path" value="C:\Users\inacr\.p2\pool\plugins\org.eclipse.justj.openjdk.hotspot.jre.full.win32.x86_64_15.0.2.v20210201-0955\jre\bin;C:\WINDOWS\Sun\Java\bin;C:\WINDOWS\system32;C:\WINDOWS;C:/Users/inacr/.p2/pool/plugins/org.eclipse.justj.openjdk.hotspot.jre.full.win32.x86_64_15.0.2.v20210201-0955/jre/bin/server;C:/Users/inacr/.p2/pool/plugins/org.eclipse.justj.openjdk.hotspot.jre.full.win32.x86_64_15.0.2.v20210201-0955/jre/bin;C:\Program Files\Java\jdk-11.0.10\bin;C:\Program Files (x86)\Common Files\Oracle\Java\javapath;C:\Program Files (x86)\NVIDIA Corporation\PhysX\Common;C:\WINDOWS\system32;C:\WINDOWS;C:\WINDOWS\System32\Wbem;C:\WINDOWS\System32\WindowsPowerShell\v1.0\;C:\WINDOWS\System32\OpenSSH\;C:\Users\inacr\Desktop\VRP Essentials\Rookie\adb;C:\Program Files\nodejs\;D:\Git\cmd;C:\Users\inacr\AppData\Local\Microsoft\WindowsApps;C:\Users\inacr\AppData\Roaming\npm;C:\WINDOWS\System32;;."/>
    <property name="java.vm.info" value="mixed mode"/>
    <property name="java.vendor" value="Oracle Corporation"/>
    <property name="java.vm.version" value="15.0.2+7-27"/>
    <property name="sun.io.unicode.encoding" value="UnicodeLittle"/>
    <property name="java.class.version" value="59.0"/>
  </properties>
  <testcase name="MatriceHomothetie" classname="demo.MatriceTest" time="0.062"/>
  <testcase name="MatriceTranslationBas" classname="demo.MatriceTest" time="0.002"/>
  <testcase name="MatriceRotationPI2" classname="demo.MatriceTest" time="0.002"/>
  <testcase name="MatriceRotationPI4" classname="demo.MatriceTest" time="0.002"/>
  <testcase name="MatriceRotationX" classname="demo.MatriceTest" time="0.002"/>
  <testcase name="MatriceRotationY" classname="demo.MatriceTest" time="0.002"/>
  <testcase name="MatriceSymetrieX1" classname="demo.MatriceTest" time="0.001"/>
  <testcase name="MatriceSymetrieX2" classname="demo.MatriceTest" time="0.001"/>
  <testcase name="MatriceRotationAngle1803D" classname="demo.MatriceTest" time="0.001"/>
  <testcase name="ProduitVectoriel3x1" classname="demo.MatriceTest" time="0.001"/>
  <testcase name="MatriceTranslationHaut" classname="demo.MatriceTest" time="0.001"/>
  <testcase name="Matrice3x3et3x3" classname="demo.MatriceTest" time="0.001"/>
  <testcase name="MatriceShear180" classname="demo.MatriceTest" time="0.002"/>
  <testcase name="MatriceTranslationDroite" classname="demo.MatriceTest" time="0.002"/>
  <testcase name="MatriceTranslationGauche" classname="demo.MatriceTest" time="0.001"/>
  <testcase name="MatriceSymetrieOrigine" classname="demo.MatriceTest" time="0.001"/>
  <testcase name="Matrice4x3et3x5" classname="demo.MatriceTest" time="0.001"/>
  <testcase name="MatriceRotationDroite" classname="demo.MatriceTest" time="0.001"/>
  <testcase name="MatriceRotationGauche" classname="demo.MatriceTest" time="0.001"/>
  <testcase name="MatriceCadrage1_2" classname="demo.MatriceTest" time="0.001"/>
</testsuite>